{
  "RSpec": {
    "coverage": {
      "/Users/zoethomas/Projects/bookmark_new/spec/bookmark_list_spec.rb": {
        "lines": [
          1,
          null,
          1,
          1,
          1,
          1,
          1,
          1,
          1,
          1,
          null,
          null,
          null
        ]
      },
      "/Users/zoethomas/Projects/bookmark_new/spec/features/bookmarks_feature_spec.rb": {
        "lines": [
          1,
          1,
          1,
          1,
          null,
          null,
          null,
          1,
          1,
          1,
          1,
          1,
          1,
          1,
          1,
          null,
          null
        ]
      }
    },
    "timestamp": 1604437452
  }
}
